 2023-06-09 11:35:47,507 : INFO : Test_Login_DDT : test_004_DDT : 35 : Test__004__Homepage started
 2023-06-09 11:35:47,507 : INFO : Test_Login_DDT : test_004_DDT : 37 : Opening URl
 2023-06-09 11:35:51,354 : INFO : Test_Login_DDT : test_004_DDT : 39 : Test__004__login startedhttps://admin-demo.nopcommerce.com/
 2023-06-09 11:35:51,417 : INFO : Test_Login_DDT : test_004_DDT : 52 : Entering Email-->admin@yourstore.com
 2023-06-09 11:35:51,752 : INFO : Test_Login_DDT : test_004_DDT : 54 : Entering Password-->admin
 2023-06-09 11:35:51,954 : INFO : Test_Login_DDT : test_004_DDT : 56 : Clicking Login
 2023-06-09 11:35:58,352 : INFO : Test_Login_DDT : test_004_DDT : 63 : page title-->Dashboard / nopCommerce administration
 2023-06-09 11:35:58,352 : INFO : Test_Login_DDT : test_004_DDT : 64 : clicking logout
 2023-06-09 11:36:00,858 : INFO : Test_Login_DDT : test_004_DDT : 66 : Tset_004_login is passed
 2023-06-09 11:36:00,918 : INFO : Test_Login_DDT : test_004_DDT : 52 : Entering Email-->admin@yourstore.com1
 2023-06-09 11:36:01,104 : INFO : Test_Login_DDT : test_004_DDT : 54 : Entering Password-->admin
 2023-06-09 11:36:01,243 : INFO : Test_Login_DDT : test_004_DDT : 56 : Clicking Login
 2023-06-09 11:36:04,326 : INFO : Test_Login_DDT : test_004_DDT : 91 : page title-->Your store. Login
 2023-06-09 11:36:06,509 : INFO : Test_Login_DDT : test_004_DDT : 94 : Tset_004_login is Failed
 2023-06-09 11:36:06,565 : INFO : Test_Login_DDT : test_004_DDT : 52 : Entering Email-->admin@yourstore.com
 2023-06-09 11:36:06,693 : INFO : Test_Login_DDT : test_004_DDT : 54 : Entering Password-->dmin1
 2023-06-09 11:36:06,802 : INFO : Test_Login_DDT : test_004_DDT : 56 : Clicking Login
 2023-06-09 11:36:09,948 : INFO : Test_Login_DDT : test_004_DDT : 91 : page title-->Your store. Login
 2023-06-09 11:36:12,063 : INFO : Test_Login_DDT : test_004_DDT : 94 : Tset_004_login is Failed
 2023-06-09 11:36:12,181 : INFO : Test_Login_DDT : test_004_DDT : 52 : Entering Email-->admin@yourstore.com1
 2023-06-09 11:36:12,517 : INFO : Test_Login_DDT : test_004_DDT : 54 : Entering Password-->dmin1
 2023-06-09 11:36:12,649 : INFO : Test_Login_DDT : test_004_DDT : 56 : Clicking Login
 2023-06-09 11:36:15,158 : INFO : Test_Login_DDT : test_004_DDT : 91 : page title-->Your store. Login
 2023-06-09 11:36:17,347 : INFO : Test_Login_DDT : test_004_DDT : 94 : Tset_004_login is Failed
 2023-06-09 11:36:17,387 : INFO : Test_Login_DDT : test_004_DDT : 102 : test_login_ddt_04 is Passed
 2023-06-09 11:36:17,387 : INFO : Test_Login_DDT : test_004_DDT : 106 : test_login_ddt_04 is Completed
 2023-06-09 12:54:40,714 : INFO : Test_Login_DDT : test_004_DDT : 34 : Test__004__Homepage started
 2023-06-09 12:54:40,714 : INFO : Test_Login_DDT : test_004_DDT : 36 : Opening URl
 2023-06-09 12:54:46,666 : INFO : Test_Login_DDT : test_004_DDT : 38 : Test__004__login startedhttps://admin-demo.nopcommerce.com/
 2023-06-09 12:54:46,714 : INFO : Test_Login_DDT : test_004_DDT : 51 : Entering Email-->admin@yourstore.com
 2023-06-09 12:54:46,858 : INFO : Test_Login_DDT : test_004_DDT : 53 : Entering Password-->admin
 2023-06-09 12:54:46,973 : INFO : Test_Login_DDT : test_004_DDT : 55 : Clicking Login
 2023-06-09 12:54:53,892 : INFO : Test_Login_DDT : test_004_DDT : 62 : page title-->Dashboard / nopCommerce administration
 2023-06-09 12:54:53,892 : INFO : Test_Login_DDT : test_004_DDT : 63 : clicking logout
 2023-06-09 12:54:55,887 : INFO : Test_Login_DDT : test_004_DDT : 65 : Tset_004_login is passed
 2023-06-09 12:54:55,964 : INFO : Test_Login_DDT : test_004_DDT : 51 : Entering Email-->admin@yourstore.com1
 2023-06-09 12:54:56,121 : INFO : Test_Login_DDT : test_004_DDT : 53 : Entering Password-->admin
 2023-06-09 12:54:56,239 : INFO : Test_Login_DDT : test_004_DDT : 55 : Clicking Login
 2023-06-09 12:54:58,747 : INFO : Test_Login_DDT : test_004_DDT : 90 : page title-->Your store. Login
 2023-06-09 12:55:00,874 : INFO : Test_Login_DDT : test_004_DDT : 93 : Tset_004_login is Failed
 2023-06-09 12:55:00,937 : INFO : Test_Login_DDT : test_004_DDT : 51 : Entering Email-->admin@yourstore.com
 2023-06-09 12:55:01,104 : INFO : Test_Login_DDT : test_004_DDT : 53 : Entering Password-->dmin1
 2023-06-09 12:55:01,236 : INFO : Test_Login_DDT : test_004_DDT : 55 : Clicking Login
 2023-06-09 12:55:03,778 : INFO : Test_Login_DDT : test_004_DDT : 90 : page title-->Your store. Login
 2023-06-09 12:55:05,899 : INFO : Test_Login_DDT : test_004_DDT : 93 : Tset_004_login is Failed
 2023-06-09 12:55:06,057 : INFO : Test_Login_DDT : test_004_DDT : 51 : Entering Email-->admin@yourstore.com1
 2023-06-09 12:55:06,231 : INFO : Test_Login_DDT : test_004_DDT : 53 : Entering Password-->dmin1
 2023-06-09 12:55:06,384 : INFO : Test_Login_DDT : test_004_DDT : 55 : Clicking Login
 2023-06-09 12:55:09,103 : INFO : Test_Login_DDT : test_004_DDT : 90 : page title-->Your store. Login
 2023-06-09 12:55:11,226 : INFO : Test_Login_DDT : test_004_DDT : 93 : Tset_004_login is Failed
 2023-06-09 12:55:11,263 : INFO : Test_Login_DDT : test_004_DDT : 101 : test_login_ddt_04 is Passed
 2023-06-09 12:55:11,264 : INFO : Test_Login_DDT : test_004_DDT : 105 : test_login_ddt_04 is Completed
 2023-06-09 12:55:15,057 : INFO : Test_Login_Parameter : test_003_login : 33 : Test__002__Homepage started
 2023-06-09 12:55:15,057 : INFO : Test_Login_Parameter : test_003_login : 35 : Opening URl
 2023-06-09 12:55:19,177 : INFO : Test_Login_Parameter : test_003_login : 37 : Test__002__login startedhttps://admin-demo.nopcommerce.com/
 2023-06-09 12:55:19,177 : INFO : Test_Login_Parameter : test_003_login : 39 : Entering Email-->admin@yourstore.com
 2023-06-09 12:55:19,326 : INFO : Test_Login_Parameter : test_003_login : 41 : Entering Password-->admin
 2023-06-09 12:55:19,429 : INFO : Test_Login_Parameter : test_003_login : 43 : Clicking Login
 2023-06-09 12:55:23,160 : INFO : Test_Login_Parameter : test_003_login : 51 : page title-->Dashboard / nopCommerce administration
 2023-06-09 12:55:23,160 : INFO : Test_Login_Parameter : test_003_login : 52 : clicking logout
 2023-06-09 12:55:24,929 : INFO : Test_Login_Parameter : test_003_login : 54 : Tset_002_login is passed
 2023-06-09 12:55:24,930 : INFO : Test_Login_Parameter : test_003_login : 83 : Test_003_Login passed
 2023-06-09 12:55:24,930 : INFO : Test_Login_Parameter : test_003_login : 90 : Test_003_Login completed
 2023-06-09 12:55:28,919 : INFO : Test_Login_Parameter : test_003_login : 33 : Test__002__Homepage started
 2023-06-09 12:55:28,919 : INFO : Test_Login_Parameter : test_003_login : 35 : Opening URl
 2023-06-09 12:55:33,052 : INFO : Test_Login_Parameter : test_003_login : 37 : Test__002__login startedhttps://admin-demo.nopcommerce.com/
 2023-06-09 12:55:33,052 : INFO : Test_Login_Parameter : test_003_login : 39 : Entering Email-->admin@yourstore.com1
 2023-06-09 12:55:33,209 : INFO : Test_Login_Parameter : test_003_login : 41 : Entering Password-->admin
 2023-06-09 12:55:33,306 : INFO : Test_Login_Parameter : test_003_login : 43 : Clicking Login
 2023-06-09 12:55:33,942 : INFO : Test_Login_Parameter : test_003_login : 74 : page title-->Your store. Login
 2023-06-09 12:55:34,053 : INFO : Test_Login_Parameter : test_003_login : 76 : Login failed
 2023-06-09 12:55:34,053 : INFO : Test_Login_Parameter : test_003_login : 83 : Test_003_Login passed
 2023-06-09 12:55:34,053 : INFO : Test_Login_Parameter : test_003_login : 90 : Test_003_Login completed
 2023-06-09 12:55:39,166 : INFO : Test_Login_Parameter : test_003_login : 33 : Test__002__Homepage started
 2023-06-09 12:55:39,166 : INFO : Test_Login_Parameter : test_003_login : 35 : Opening URl
 2023-06-09 12:55:43,592 : INFO : Test_Login_Parameter : test_003_login : 37 : Test__002__login startedhttps://admin-demo.nopcommerce.com/
 2023-06-09 12:55:43,592 : INFO : Test_Login_Parameter : test_003_login : 39 : Entering Email-->admin@youstore.com
 2023-06-09 12:55:43,739 : INFO : Test_Login_Parameter : test_003_login : 41 : Entering Password-->admin1
 2023-06-09 12:55:43,836 : INFO : Test_Login_Parameter : test_003_login : 43 : Clicking Login
 2023-06-09 12:55:44,447 : INFO : Test_Login_Parameter : test_003_login : 74 : page title-->Your store. Login
 2023-06-09 12:55:44,600 : INFO : Test_Login_Parameter : test_003_login : 76 : Login failed
 2023-06-09 12:55:44,600 : INFO : Test_Login_Parameter : test_003_login : 83 : Test_003_Login passed
 2023-06-09 12:55:44,600 : INFO : Test_Login_Parameter : test_003_login : 90 : Test_003_Login completed
 2023-06-09 12:55:48,431 : INFO : Test_Login_Parameter : test_003_login : 33 : Test__002__Homepage started
 2023-06-09 12:55:48,431 : INFO : Test_Login_Parameter : test_003_login : 35 : Opening URl
 2023-06-09 12:55:54,603 : INFO : Test_Login_Parameter : test_003_login : 37 : Test__002__login startedhttps://admin-demo.nopcommerce.com/
 2023-06-09 12:55:54,603 : INFO : Test_Login_Parameter : test_003_login : 39 : Entering Email-->admin@yourstore.com1
 2023-06-09 12:55:54,787 : INFO : Test_Login_Parameter : test_003_login : 41 : Entering Password-->admin1
 2023-06-09 12:55:54,931 : INFO : Test_Login_Parameter : test_003_login : 43 : Clicking Login
 2023-06-09 12:55:56,573 : INFO : Test_Login_Parameter : test_003_login : 74 : page title-->Your store. Login
 2023-06-09 12:55:56,680 : INFO : Test_Login_Parameter : test_003_login : 76 : Login failed
 2023-06-09 12:55:56,680 : INFO : Test_Login_Parameter : test_003_login : 83 : Test_003_Login passed
 2023-06-09 12:55:56,680 : INFO : Test_Login_Parameter : test_003_login : 90 : Test_003_Login completed
 2023-06-09 12:59:08,975 : INFO : Test_Login_DDT : test_004_DDT : 34 : Test__004__Homepage started
 2023-06-09 12:59:08,975 : INFO : Test_Login_DDT : test_004_DDT : 36 : Opening URl
 2023-06-09 12:59:14,658 : INFO : Test_Login_DDT : test_004_DDT : 38 : Test__004__login startedhttps://admin-demo.nopcommerce.com/
 2023-06-09 12:59:14,705 : INFO : Test_Login_DDT : test_004_DDT : 51 : Entering Email-->admin@yourstore.com
 2023-06-09 12:59:14,897 : INFO : Test_Login_DDT : test_004_DDT : 53 : Entering Password-->admin
 2023-06-09 12:59:15,042 : INFO : Test_Login_DDT : test_004_DDT : 55 : Clicking Login
 2023-06-09 12:59:22,071 : INFO : Test_Login_DDT : test_004_DDT : 62 : page title-->Dashboard / nopCommerce administration
 2023-06-09 12:59:22,071 : INFO : Test_Login_DDT : test_004_DDT : 63 : clicking logout
 2023-06-09 12:59:23,934 : INFO : Test_Login_DDT : test_004_DDT : 65 : Tset_004_login is passed
 2023-06-09 12:59:23,977 : INFO : Test_Login_DDT : test_004_DDT : 51 : Entering Email-->admin@yourstore.com1
 2023-06-09 12:59:24,108 : INFO : Test_Login_DDT : test_004_DDT : 53 : Entering Password-->admin
 2023-06-09 12:59:24,204 : INFO : Test_Login_DDT : test_004_DDT : 55 : Clicking Login
 2023-06-09 12:59:26,797 : INFO : Test_Login_DDT : test_004_DDT : 90 : page title-->Your store. Login
 2023-06-09 12:59:28,912 : INFO : Test_Login_DDT : test_004_DDT : 93 : Tset_004_login is Failed
 2023-06-09 12:59:28,962 : INFO : Test_Login_DDT : test_004_DDT : 51 : Entering Email-->admin@yourstore.com
 2023-06-09 12:59:29,144 : INFO : Test_Login_DDT : test_004_DDT : 53 : Entering Password-->dmin1
 2023-06-09 12:59:29,236 : INFO : Test_Login_DDT : test_004_DDT : 55 : Clicking Login
 2023-06-09 12:59:31,787 : INFO : Test_Login_DDT : test_004_DDT : 90 : page title-->Your store. Login
 2023-06-09 12:59:33,918 : INFO : Test_Login_DDT : test_004_DDT : 93 : Tset_004_login is Failed
 2023-06-09 12:59:34,013 : INFO : Test_Login_DDT : test_004_DDT : 51 : Entering Email-->admin@yourstore.com1
 2023-06-09 12:59:34,147 : INFO : Test_Login_DDT : test_004_DDT : 53 : Entering Password-->dmin1
 2023-06-09 12:59:34,272 : INFO : Test_Login_DDT : test_004_DDT : 55 : Clicking Login
 2023-06-09 12:59:37,217 : INFO : Test_Login_DDT : test_004_DDT : 90 : page title-->Your store. Login
 2023-06-09 12:59:39,355 : INFO : Test_Login_DDT : test_004_DDT : 93 : Tset_004_login is Failed
 2023-06-09 12:59:39,422 : INFO : Test_Login_DDT : test_004_DDT : 101 : test_login_ddt_04 is Passed
 2023-06-09 12:59:39,422 : INFO : Test_Login_DDT : test_004_DDT : 105 : test_login_ddt_04 is Completed
 2023-06-09 12:59:43,435 : INFO : Test_Login_Parameter : test_003_login : 33 : Test__002__Homepage started
 2023-06-09 12:59:43,435 : INFO : Test_Login_Parameter : test_003_login : 35 : Opening URl
 2023-06-09 12:59:46,987 : INFO : Test_Login_Parameter : test_003_login : 37 : Test__002__login startedhttps://admin-demo.nopcommerce.com/
 2023-06-09 12:59:46,987 : INFO : Test_Login_Parameter : test_003_login : 39 : Entering Email-->admin@yourstore.com
 2023-06-09 12:59:47,151 : INFO : Test_Login_Parameter : test_003_login : 41 : Entering Password-->admin
 2023-06-09 12:59:47,271 : INFO : Test_Login_Parameter : test_003_login : 43 : Clicking Login
 2023-06-09 12:59:51,438 : INFO : Test_Login_Parameter : test_003_login : 51 : page title-->Dashboard / nopCommerce administration
 2023-06-09 12:59:51,438 : INFO : Test_Login_Parameter : test_003_login : 52 : clicking logout
 2023-06-09 12:59:53,947 : INFO : Test_Login_Parameter : test_003_login : 54 : Tset_002_login is passed
 2023-06-09 12:59:53,947 : INFO : Test_Login_Parameter : test_003_login : 83 : Test_003_Login passed
 2023-06-09 12:59:53,947 : INFO : Test_Login_Parameter : test_003_login : 90 : Test_003_Login completed
 2023-06-09 12:59:57,674 : INFO : Test_Login_Parameter : test_003_login : 33 : Test__002__Homepage started
 2023-06-09 12:59:57,674 : INFO : Test_Login_Parameter : test_003_login : 35 : Opening URl
 2023-06-09 13:00:03,637 : INFO : Test_Login_Parameter : test_003_login : 37 : Test__002__login startedhttps://admin-demo.nopcommerce.com/
 2023-06-09 13:00:03,638 : INFO : Test_Login_Parameter : test_003_login : 39 : Entering Email-->admin@yourstore.com1
 2023-06-09 13:00:03,817 : INFO : Test_Login_Parameter : test_003_login : 41 : Entering Password-->admin
 2023-06-09 13:00:03,957 : INFO : Test_Login_Parameter : test_003_login : 43 : Clicking Login
 2023-06-09 13:00:05,389 : INFO : Test_Login_Parameter : test_003_login : 74 : page title-->Your store. Login
 2023-06-09 13:00:05,483 : INFO : Test_Login_Parameter : test_003_login : 76 : Login failed
 2023-06-09 13:00:05,483 : INFO : Test_Login_Parameter : test_003_login : 83 : Test_003_Login passed
 2023-06-09 13:00:05,483 : INFO : Test_Login_Parameter : test_003_login : 90 : Test_003_Login completed
 2023-06-09 13:00:09,535 : INFO : Test_Login_Parameter : test_003_login : 33 : Test__002__Homepage started
 2023-06-09 13:00:09,535 : INFO : Test_Login_Parameter : test_003_login : 35 : Opening URl
 2023-06-09 13:00:15,385 : INFO : Test_Login_Parameter : test_003_login : 37 : Test__002__login startedhttps://admin-demo.nopcommerce.com/
 2023-06-09 13:00:15,385 : INFO : Test_Login_Parameter : test_003_login : 39 : Entering Email-->admin@youstore.com
 2023-06-09 13:00:15,567 : INFO : Test_Login_Parameter : test_003_login : 41 : Entering Password-->admin1
 2023-06-09 13:00:15,710 : INFO : Test_Login_Parameter : test_003_login : 43 : Clicking Login
 2023-06-09 13:00:16,328 : INFO : Test_Login_Parameter : test_003_login : 74 : page title-->Your store. Login
 2023-06-09 13:00:16,447 : INFO : Test_Login_Parameter : test_003_login : 76 : Login failed
 2023-06-09 13:00:16,447 : INFO : Test_Login_Parameter : test_003_login : 83 : Test_003_Login passed
 2023-06-09 13:00:16,447 : INFO : Test_Login_Parameter : test_003_login : 90 : Test_003_Login completed
 2023-06-09 13:00:20,263 : INFO : Test_Login_Parameter : test_003_login : 33 : Test__002__Homepage started
 2023-06-09 13:00:20,263 : INFO : Test_Login_Parameter : test_003_login : 35 : Opening URl
 2023-06-09 13:00:26,714 : INFO : Test_Login_Parameter : test_003_login : 37 : Test__002__login startedhttps://admin-demo.nopcommerce.com/
 2023-06-09 13:00:26,714 : INFO : Test_Login_Parameter : test_003_login : 39 : Entering Email-->admin@yourstore.com1
 2023-06-09 13:00:26,903 : INFO : Test_Login_Parameter : test_003_login : 41 : Entering Password-->admin1
 2023-06-09 13:00:27,046 : INFO : Test_Login_Parameter : test_003_login : 43 : Clicking Login
 2023-06-09 13:00:28,702 : INFO : Test_Login_Parameter : test_003_login : 74 : page title-->Your store. Login
 2023-06-09 13:00:28,814 : INFO : Test_Login_Parameter : test_003_login : 76 : Login failed
 2023-06-09 13:00:28,814 : INFO : Test_Login_Parameter : test_003_login : 83 : Test_003_Login passed
 2023-06-09 13:00:28,814 : INFO : Test_Login_Parameter : test_003_login : 90 : Test_003_Login completed
 2023-06-09 20:28:52,926 : INFO : Test_Login_DDT : test_004_DDT : 34 : Test__004__Homepage started
 2023-06-09 20:28:52,928 : INFO : Test_Login_DDT : test_004_DDT : 36 : Opening URl
 2023-06-09 20:28:58,353 : INFO : Test_Login_DDT : test_004_DDT : 38 : Test__004__login startedhttps://admin-demo.nopcommerce.com/
 2023-06-09 20:28:58,442 : INFO : Test_Login_DDT : test_004_DDT : 51 : Entering Email-->admin@yourstore.com
 2023-06-09 20:28:58,634 : INFO : Test_Login_DDT : test_004_DDT : 53 : Entering Password-->admin
 2023-06-09 20:28:58,782 : INFO : Test_Login_DDT : test_004_DDT : 55 : Clicking Login
 2023-06-09 20:29:06,274 : INFO : Test_Login_DDT : test_004_DDT : 62 : page title-->Dashboard / nopCommerce administration
 2023-06-09 20:29:06,274 : INFO : Test_Login_DDT : test_004_DDT : 63 : clicking logout
 2023-06-09 20:29:08,724 : INFO : Test_Login_DDT : test_004_DDT : 65 : Tset_004_login is passed
 2023-06-09 20:29:08,791 : INFO : Test_Login_DDT : test_004_DDT : 51 : Entering Email-->admin@yourstore.com1
 2023-06-09 20:29:09,096 : INFO : Test_Login_DDT : test_004_DDT : 53 : Entering Password-->admin
 2023-06-09 20:29:09,283 : INFO : Test_Login_DDT : test_004_DDT : 55 : Clicking Login
 2023-06-09 20:29:11,851 : INFO : Test_Login_DDT : test_004_DDT : 90 : page title-->Your store. Login
 2023-06-09 20:29:13,991 : INFO : Test_Login_DDT : test_004_DDT : 93 : Tset_004_login is Failed
 2023-06-09 20:29:14,138 : INFO : Test_Login_DDT : test_004_DDT : 51 : Entering Email-->admin@yourstore.com
 2023-06-09 20:29:14,319 : INFO : Test_Login_DDT : test_004_DDT : 53 : Entering Password-->dmin1
 2023-06-09 20:29:14,430 : INFO : Test_Login_DDT : test_004_DDT : 55 : Clicking Login
 2023-06-09 20:29:17,595 : INFO : Test_Login_DDT : test_004_DDT : 90 : page title-->Your store. Login
 2023-06-09 20:29:19,731 : INFO : Test_Login_DDT : test_004_DDT : 93 : Tset_004_login is Failed
 2023-06-09 20:29:19,794 : INFO : Test_Login_DDT : test_004_DDT : 51 : Entering Email-->admin@yourstore.com1
 2023-06-09 20:29:19,940 : INFO : Test_Login_DDT : test_004_DDT : 53 : Entering Password-->dmin1
 2023-06-09 20:29:20,061 : INFO : Test_Login_DDT : test_004_DDT : 55 : Clicking Login
 2023-06-09 20:29:22,715 : INFO : Test_Login_DDT : test_004_DDT : 90 : page title-->Your store. Login
 2023-06-09 20:29:24,864 : INFO : Test_Login_DDT : test_004_DDT : 93 : Tset_004_login is Failed
 2023-06-09 20:29:24,885 : INFO : Test_Login_DDT : test_004_DDT : 101 : test_login_ddt_04 is Passed
 2023-06-09 20:29:24,885 : INFO : Test_Login_DDT : test_004_DDT : 105 : test_login_ddt_04 is Completed
 2023-06-09 20:29:28,959 : INFO : Test_Login_Parameter : test_003_login : 33 : Test__002__Homepage started
 2023-06-09 20:29:28,960 : INFO : Test_Login_Parameter : test_003_login : 35 : Opening URl
 2023-06-09 20:29:36,451 : INFO : Test_Login_Parameter : test_003_login : 37 : Test__002__login startedhttps://admin-demo.nopcommerce.com/
 2023-06-09 20:29:36,452 : INFO : Test_Login_Parameter : test_003_login : 39 : Entering Email-->admin@yourstore.com
 2023-06-09 20:29:36,617 : INFO : Test_Login_Parameter : test_003_login : 41 : Entering Password-->admin
 2023-06-09 20:29:36,737 : INFO : Test_Login_Parameter : test_003_login : 43 : Clicking Login
 2023-06-09 20:29:44,666 : INFO : Test_Login_Parameter : test_003_login : 51 : page title-->Dashboard / nopCommerce administration
 2023-06-09 20:29:44,666 : INFO : Test_Login_Parameter : test_003_login : 52 : clicking logout
 2023-06-09 20:29:47,091 : INFO : Test_Login_Parameter : test_003_login : 54 : Tset_002_login is passed
 2023-06-09 20:29:47,092 : INFO : Test_Login_Parameter : test_003_login : 83 : Test_003_Login passed
 2023-06-09 20:29:47,092 : INFO : Test_Login_Parameter : test_003_login : 90 : Test_003_Login completed
 2023-06-09 20:29:51,330 : INFO : Test_Login_Parameter : test_003_login : 33 : Test__002__Homepage started
 2023-06-09 20:29:51,331 : INFO : Test_Login_Parameter : test_003_login : 35 : Opening URl
 2023-06-09 20:29:55,069 : INFO : Test_Login_Parameter : test_003_login : 37 : Test__002__login startedhttps://admin-demo.nopcommerce.com/
 2023-06-09 20:29:55,069 : INFO : Test_Login_Parameter : test_003_login : 39 : Entering Email-->admin@yourstore.com1
 2023-06-09 20:29:59,165 : INFO : Test_Login_Parameter : test_003_login : 33 : Test__002__Homepage started
 2023-06-09 20:29:59,166 : INFO : Test_Login_Parameter : test_003_login : 35 : Opening URl
 2023-06-09 20:30:06,075 : INFO : Test_Login_Parameter : test_003_login : 37 : Test__002__login startedhttps://admin-demo.nopcommerce.com/
 2023-06-09 20:30:06,075 : INFO : Test_Login_Parameter : test_003_login : 39 : Entering Email-->admin@youstore.com
 2023-06-09 20:30:06,251 : INFO : Test_Login_Parameter : test_003_login : 41 : Entering Password-->admin1
 2023-06-09 20:30:06,376 : INFO : Test_Login_Parameter : test_003_login : 43 : Clicking Login
 2023-06-09 20:30:08,041 : INFO : Test_Login_Parameter : test_003_login : 74 : page title-->Your store. Login
 2023-06-09 20:30:08,170 : INFO : Test_Login_Parameter : test_003_login : 76 : Login failed
 2023-06-09 20:30:08,170 : INFO : Test_Login_Parameter : test_003_login : 83 : Test_003_Login passed
 2023-06-09 20:30:08,170 : INFO : Test_Login_Parameter : test_003_login : 90 : Test_003_Login completed
 2023-06-09 20:30:12,144 : INFO : Test_Login_Parameter : test_003_login : 33 : Test__002__Homepage started
 2023-06-09 20:30:12,144 : INFO : Test_Login_Parameter : test_003_login : 35 : Opening URl
 2023-06-09 20:30:17,693 : INFO : Test_Login_Parameter : test_003_login : 37 : Test__002__login startedhttps://admin-demo.nopcommerce.com/
 2023-06-09 20:30:17,693 : INFO : Test_Login_Parameter : test_003_login : 39 : Entering Email-->admin@yourstore.com1
 2023-06-09 20:30:18,002 : INFO : Test_Login_Parameter : test_003_login : 41 : Entering Password-->admin1
 2023-06-09 20:30:18,262 : INFO : Test_Login_Parameter : test_003_login : 43 : Clicking Login
 2023-06-09 20:30:19,185 : INFO : Test_Login_Parameter : test_003_login : 74 : page title-->Your store. Login
 2023-06-09 20:30:19,354 : INFO : Test_Login_Parameter : test_003_login : 76 : Login failed
 2023-06-09 20:30:19,355 : INFO : Test_Login_Parameter : test_003_login : 83 : Test_003_Login passed
 2023-06-09 20:30:19,355 : INFO : Test_Login_Parameter : test_003_login : 90 : Test_003_Login completed
 2023-06-09 20:39:49,661 : INFO : Test_Login_DDT : test_004_DDT : 34 : Test__004__Homepage started
 2023-06-09 20:39:49,662 : INFO : Test_Login_DDT : test_004_DDT : 36 : Opening URl
 2023-06-09 20:39:57,632 : INFO : Test_Login_DDT : test_004_DDT : 38 : Test__004__login startedhttps://admin-demo.nopcommerce.com/
 2023-06-09 20:39:57,676 : INFO : Test_Login_DDT : test_004_DDT : 51 : Entering Email-->admin@yourstore.com
 2023-06-09 20:39:57,844 : INFO : Test_Login_DDT : test_004_DDT : 53 : Entering Password-->admin
 2023-06-09 20:39:57,966 : INFO : Test_Login_DDT : test_004_DDT : 55 : Clicking Login
 2023-06-09 20:40:04,572 : INFO : Test_Login_DDT : test_004_DDT : 62 : page title-->Dashboard / nopCommerce administration
 2023-06-09 20:40:04,573 : INFO : Test_Login_DDT : test_004_DDT : 63 : clicking logout
 2023-06-09 20:40:07,526 : INFO : Test_Login_DDT : test_004_DDT : 65 : Tset_004_login is passed
 2023-06-09 20:40:07,585 : INFO : Test_Login_DDT : test_004_DDT : 51 : Entering Email-->admin@yourstore.com1
 2023-06-09 20:40:07,746 : INFO : Test_Login_DDT : test_004_DDT : 53 : Entering Password-->admin
 2023-06-09 20:40:07,899 : INFO : Test_Login_DDT : test_004_DDT : 55 : Clicking Login
 2023-06-09 20:40:10,710 : INFO : Test_Login_DDT : test_004_DDT : 90 : page title-->Your store. Login
 2023-06-09 20:40:12,880 : INFO : Test_Login_DDT : test_004_DDT : 93 : Tset_004_login is Failed
 2023-06-09 20:40:13,016 : INFO : Test_Login_DDT : test_004_DDT : 51 : Entering Email-->admin@yourstore.com
 2023-06-09 20:40:13,168 : INFO : Test_Login_DDT : test_004_DDT : 53 : Entering Password-->dmin1
 2023-06-09 20:40:13,294 : INFO : Test_Login_DDT : test_004_DDT : 55 : Clicking Login
 2023-06-09 20:40:15,827 : INFO : Test_Login_DDT : test_004_DDT : 90 : page title-->Your store. Login
 2023-06-09 20:40:17,946 : INFO : Test_Login_DDT : test_004_DDT : 93 : Tset_004_login is Failed
 2023-06-09 20:40:18,101 : INFO : Test_Login_DDT : test_004_DDT : 51 : Entering Email-->admin@yourstore.com1
 2023-06-09 20:40:18,241 : INFO : Test_Login_DDT : test_004_DDT : 53 : Entering Password-->dmin1
 2023-06-09 20:40:18,385 : INFO : Test_Login_DDT : test_004_DDT : 55 : Clicking Login
 2023-06-09 20:40:21,174 : INFO : Test_Login_DDT : test_004_DDT : 90 : page title-->Your store. Login
 2023-06-09 20:40:23,290 : INFO : Test_Login_DDT : test_004_DDT : 93 : Tset_004_login is Failed
 2023-06-09 20:40:23,335 : INFO : Test_Login_DDT : test_004_DDT : 101 : test_login_ddt_04 is Passed
 2023-06-09 20:40:23,335 : INFO : Test_Login_DDT : test_004_DDT : 105 : test_login_ddt_04 is Completed
 2023-06-09 20:40:27,400 : INFO : Test_Login_Parameter : test_003_login : 33 : Test__002__Homepage started
 2023-06-09 20:40:27,400 : INFO : Test_Login_Parameter : test_003_login : 35 : Opening URl
 2023-06-09 20:40:34,260 : INFO : Test_Login_Parameter : test_003_login : 37 : Test__002__login startedhttps://admin-demo.nopcommerce.com/
 2023-06-09 20:40:34,261 : INFO : Test_Login_Parameter : test_003_login : 39 : Entering Email-->admin@yourstore.com
 2023-06-09 20:40:34,431 : INFO : Test_Login_Parameter : test_003_login : 41 : Entering Password-->admin
 2023-06-09 20:40:34,550 : INFO : Test_Login_Parameter : test_003_login : 43 : Clicking Login
 2023-06-09 20:40:39,364 : INFO : Test_Login_Parameter : test_003_login : 51 : page title-->Dashboard / nopCommerce administration
 2023-06-09 20:40:39,364 : INFO : Test_Login_Parameter : test_003_login : 52 : clicking logout
 2023-06-09 20:40:42,110 : INFO : Test_Login_Parameter : test_003_login : 54 : Tset_002_login is passed
 2023-06-09 20:40:42,110 : INFO : Test_Login_Parameter : test_003_login : 83 : Test_003_Login passed
 2023-06-09 20:40:42,111 : INFO : Test_Login_Parameter : test_003_login : 90 : Test_003_Login completed
 2023-06-09 20:40:46,129 : INFO : Test_Login_Parameter : test_003_login : 33 : Test__002__Homepage started
 2023-06-09 20:40:46,129 : INFO : Test_Login_Parameter : test_003_login : 35 : Opening URl
 2023-06-09 20:40:52,318 : INFO : Test_Login_Parameter : test_003_login : 37 : Test__002__login startedhttps://admin-demo.nopcommerce.com/
 2023-06-09 20:40:52,318 : INFO : Test_Login_Parameter : test_003_login : 39 : Entering Email-->admin@yourstore.com1
 2023-06-09 20:40:52,517 : INFO : Test_Login_Parameter : test_003_login : 41 : Entering Password-->admin
 2023-06-09 20:40:52,722 : INFO : Test_Login_Parameter : test_003_login : 43 : Clicking Login
 2023-06-09 20:40:53,458 : INFO : Test_Login_Parameter : test_003_login : 74 : page title-->Your store. Login
 2023-06-09 20:40:53,594 : INFO : Test_Login_Parameter : test_003_login : 76 : Login failed
 2023-06-09 20:40:53,596 : INFO : Test_Login_Parameter : test_003_login : 83 : Test_003_Login passed
 2023-06-09 20:40:53,596 : INFO : Test_Login_Parameter : test_003_login : 90 : Test_003_Login completed
 2023-06-09 20:40:58,040 : INFO : Test_Login_Parameter : test_003_login : 33 : Test__002__Homepage started
 2023-06-09 20:40:58,040 : INFO : Test_Login_Parameter : test_003_login : 35 : Opening URl
 2023-06-09 20:41:04,861 : INFO : Test_Login_Parameter : test_003_login : 37 : Test__002__login startedhttps://admin-demo.nopcommerce.com/
 2023-06-09 20:41:04,861 : INFO : Test_Login_Parameter : test_003_login : 39 : Entering Email-->admin@youstore.com
 2023-06-09 20:41:05,026 : INFO : Test_Login_Parameter : test_003_login : 41 : Entering Password-->admin1
 2023-06-09 20:41:05,141 : INFO : Test_Login_Parameter : test_003_login : 43 : Clicking Login
 2023-06-09 20:41:05,711 : INFO : Test_Login_Parameter : test_003_login : 74 : page title-->Your store. Login
 2023-06-09 20:41:05,843 : INFO : Test_Login_Parameter : test_003_login : 76 : Login failed
 2023-06-09 20:41:05,845 : INFO : Test_Login_Parameter : test_003_login : 83 : Test_003_Login passed
 2023-06-09 20:41:05,845 : INFO : Test_Login_Parameter : test_003_login : 90 : Test_003_Login completed
 2023-06-09 20:41:10,120 : INFO : Test_Login_Parameter : test_003_login : 33 : Test__002__Homepage started
 2023-06-09 20:41:10,120 : INFO : Test_Login_Parameter : test_003_login : 35 : Opening URl
 2023-06-09 20:41:18,444 : INFO : Test_Login_Parameter : test_003_login : 37 : Test__002__login startedhttps://admin-demo.nopcommerce.com/
 2023-06-09 20:41:18,445 : INFO : Test_Login_Parameter : test_003_login : 39 : Entering Email-->admin@yourstore.com1
 2023-06-09 20:41:18,622 : INFO : Test_Login_Parameter : test_003_login : 41 : Entering Password-->admin1
 2023-06-09 20:41:18,740 : INFO : Test_Login_Parameter : test_003_login : 43 : Clicking Login
 2023-06-09 20:41:19,335 : INFO : Test_Login_Parameter : test_003_login : 74 : page title-->Your store. Login
 2023-06-09 20:41:19,462 : INFO : Test_Login_Parameter : test_003_login : 76 : Login failed
 2023-06-09 20:41:19,463 : INFO : Test_Login_Parameter : test_003_login : 83 : Test_003_Login passed
 2023-06-09 20:41:19,464 : INFO : Test_Login_Parameter : test_003_login : 90 : Test_003_Login completed
